This is pdfTeX, Version 3.141592653-2.6-1.40.22 (TeX Live 2021) (preloaded format=pdflatex 2021.9.29)  13 MAY 2025 11:59
entering extended mode
 restricted \write18 enabled.
 %&-line parsing enabled.
**notes/ap-stats/sections/chapter1/chapter1.tex
(./notes/ap-stats/sections/chapter1/chapter1.tex
LaTeX2e <2020-10-01> patch level 4
L3 programming layer <2021-02-18>

! LaTeX Error: File `../../latex/macros.tex' not found.

Type X to quit or <RETURN> to proceed,
or enter new name. (Default extension: tex)

Enter file name: X

! Emergency stop.
<read *> 
         
l.1 \input{../../latex/macros.tex}
                                  
*** (cannot \read from terminal in nonstop modes)

 
Here is how much of TeX's memory you used:
 20 strings out of 478994
 526 string characters out of 5858184
 283044 words of memory out of 5000000
 17603 multiletter control sequences out of 15000+600000
 403430 words of font info for 27 fonts, out of 8000000 for 9000
 1141 hyphenation exceptions out of 8191
 21i,0n,28p,110b,13s stack positions out of 5000i,500n,10000p,200000b,80000s
!  ==> Fatal error occurred, no output PDF file produced!
